Drill Listing
=============
Drill: .01575  Tool: 1  Feed: 95  Speed: 300
X 60629  Y 67322
X 65748  Y 67322
X 74015  Y 71653
X 76377  Y 40157
X 80314  Y 71653
X 97244  Y 72834
X 98425  Y 23622
X 101181  Y 70472
X 105905  Y 67322
X 122047  Y 38582
X 122047  Y 42519
X 122440  Y 33858
X 122440  Y 29921
X 124409  Y 59842
X 125590  Y 72834
X 126377  Y 69291
X 133858  Y 67716
X 160629  Y 71653
X 156692  Y 90551
X 144094  Y 85826
X 136220  Y 85826
X 135039  Y 82677
X 133858  Y 88188
X 130708  Y 90944
X 130708  Y 96850
X 124409  Y 80708
X 103149  Y 83070
X 83070  Y 87007
X 73228  Y 79133
X 72440  Y 88976
X 72440  Y 96062
X 69685  Y 93307
X 66141  Y 84251
X 62204  Y 93307
X 61023  Y 98031
X 22834  Y 80708
X 22834  Y 88976
X 20472  Y 103937
X 22834  Y 100787
X 22834  Y 109055
X 22834  Y 119291
X 23228  Y 114173
X 57874  Y 105118
X 58267  Y 101181
X 60629  Y 120472
X 60629  Y 116929
X 62992  Y 107874
X 62992  Y 101968
X 65748  Y 120078
X 66535  Y 107874
X 66929  Y 114173
X 71259  Y 114960
X 97244  Y 116141
X 105118  Y 108661
X 125196  Y 118110
X 129527  Y 114960
X 132283  Y 100000
X 133464  Y 111811
X 140157  Y 109055
X 156692  Y 98818
X 155118  Y 125590
X 150393  Y 129921
X 137007  Y 132677
X 120078  Y 129527
X 101968  Y 132283
X 99606  Y 129527
X 96850  Y 131496
X 94094  Y 129921
X 94094  Y 134645
X 69291  Y 140551
X 59055  Y 124015
X 36220  Y 131102
X 35826  Y 136614
X 124015  Y 154330

Drill: .02362  Tool: 2  Feed: 197  Speed: 550
X 102559  Y 43740
X 102559  Y 38740
X 102559  Y 33740
X 102559  Y 28740
X 107559  Y 28740
X 107559  Y 33740
X 107559  Y 38740
X 107559  Y 43740
X 155118  Y 65551
X 150118  Y 65551
X 148425  Y 53937
X 145118  Y 65551
X 143425  Y 53937
X 140118  Y 65551
X 138425  Y 53937
X 133425  Y 53937
X 107559  Y 48740
X 107559  Y 53740
X 102559  Y 48740
X 102559  Y 53740
X 43307  Y 88976
X 134251  Y 162795
X 139251  Y 162795
X 144251  Y 162795

Drill: .02756  Tool: 3  Feed: 197  Speed: 550
X 86614  Y 54527 X 89370  Y 54527
X 86614  Y 28149 X 89370  Y 28149

Drill: .035  Tool: 4  Feed: 197  Speed: 550
X 40944  Y 39370
X 159055  Y 39370
X 159055  Y 160629
X 150196  Y 152362
X 140196  Y 152362
X 130196  Y 152362
X 69488  Y 170472
X 69488  Y 150787
X 69488  Y 160629
X 40944  Y 160629

Drill: .03937  Tool: 5  Feed: 197  Speed: 550
X 36811  Y 69685
X 46811  Y 69685
X 170078  Y 72834
X 170078  Y 82834
X 170472  Y 115590
X 170472  Y 125590
X 116102  Y 175393
X 106102  Y 175393

Drill: .07087  Tool: 6  Feed: 81  Speed: 550
X 143700  Y 96653

Drill: .08661  Tool: 7  Feed: 74  Speed: 550
X 39960  Y 110334

Drill: .1378  Tool: 8  Feed: 35  Speed: 794
X 169488  Y 99803

End of Listing
