PCB Net List Errors Report - LDC_Schematic_20161205.sch - Mon Dec 19 15:44:25 2016
-----------------------------------------------------------------------------------
Design to Library Part Consistency Check
----------------------------------------
No Library consistency checking errors.

Single/Zero Pin Net Warnings
----------------------------
No single or zero pin nets.

Schematic Connectivity Errors
-----------------------------

Dangling Connections without a Net Name

P3V3
MCU          X12150 Y6550 

Dangling Connections with a Net Name

\CS
MCU          X10600 Y5850 
MCU          X3500  Y2000 

\RES
MCU          X10600 Y5750 
MCU          X6000  Y2000 

\RESET
MCU          X6550  Y7600 

A0
MCU          X10600 Y5650 
MCU          X3500  Y1900 

DOWN
MCU          X10600 Y6700 
MCU          X6600  Y1600 

ENTER
MCU          X10600 Y6500 
MCU          X6600  Y1500 

LDC_INTB
MCU          X11550 Y5550 
MCU          X10600 Y5950 

LDC_SCL
MCU          X10600 Y7200 
MCU          X11550 Y5750 

LDC_SD
MCU          X10600 Y7000 
MCU          X11550 Y5450 

LDC_SDA
MCU          X10600 Y7100 
MCU          X11550 Y5650 

MISO
MCU          X6550  Y7400 
MCU          X2650  Y8650 

MODE1
MCU          X7350  Y5950 
MCU          X4250  Y5850 

MODE2
MCU          X7350  Y5850 
MCU          X4250  Y5750 

MOSI
MCU          X6550  Y7300 
MCU          X4400  Y8550 

NEXT
MCU          X10600 Y6800 
MCU          X2750  Y1600 

RXD
MCU          X12800 Y8650 
MCU          X10600 Y6150 

SCK
MCU          X6550  Y7500 
MCU          X2650  Y8550 

SCL
MCU          X10600 Y5550 
MCU          X6000  Y1900 

SI
MCU          X10600 Y5450 
MCU          X3500  Y1800 

TXD
MCU          X12800 Y8750 
MCU          X10600 Y6050 

UP
MCU          X10600 Y6600 
MCU          X2750  Y1500 

Power or Ground Symbols used with wrong Net Name

P3V3
POWER        X4950  Y8550  - Power  Symbol used for net: +5V
MCU          X8850  Y8550  - Power  Symbol used for net: +5V
MCU          X4150  Y8850  - Power  Symbol used for net: +5V
MCU          X9700  Y9050  - Power  Symbol used for net: +5V
MCU          X13050 Y7000  - Power  Symbol used for net: +5V
MCU          X12800 Y9000  - Power  Symbol used for net: +5V
MCU          X6750  Y3100  - Power  Symbol used for net: +5V
MCU          X3600  Y6700  - Power  Symbol used for net: +5V
MCU          X7200  Y8750  - Power  Symbol used for net: +5V
MCU          X4550  Y3450  - Power  Symbol used for net: +5V
MCU          X12150 Y6650  - Power  Symbol used for net: +5V

VDD
POWER        X4950  Y7750  - Power  Symbol used for net: +5V
POWER        X5150  Y4600  - Power  Symbol used for net: +5V

Subnets with Missing Off-Page Reference

\CS
MCU          X10050 Y5850  - Pin: U1.12
MCU          X4300  Y2000  - Pin: J6.1

\RES
MCU          X10050 Y5750  - Pin: U1.13
MCU          X5600  Y2000  - Pin: R4.2

\RESET
MCU          X2530  Y8450  - Pin: S1.2
MCU          X7100  Y7800  - Pin: AR1.1

A0
MCU          X10050 Y5650  - Pin: U1.14
MCU          X4300  Y1900  - Pin: J6.2

DOWN
MCU          X10050 Y6700  - Pin: U1.24
MCU          X4750  Y2500  - Pin: AR2.4

ENTER
MCU          X10050 Y6500  - Pin: U1.26
MCU          X4650  Y2500  - Pin: AR2.3

LDC_INTB
MCU          X12450 Y5550  - Pin: U3.5
MCU          X10050 Y5950  - Pin: U1.11

LDC_SCL
MCU          X10050 Y7200  - Pin: U1.19
MCU          X12150 Y5900  - Pin: R9.1

LDC_SD
MCU          X10050 Y7000  - Pin: U1.21
MCU          X12450 Y5450  - Pin: U3.6

LDC_SDA
MCU          X10050 Y7100  - Pin: U1.20
MCU          X12000 Y5900  - Pin: R10.1

MISO
MCU          X7300  Y7800  - Pin: AR1.3
MCU          X3200  Y8650  - Pin: J2.1

MODE1
MCU          X7950  Y5950  - Pin: U1.31
MCU          X3600  Y5650  - Pin: S2.1

MODE2
MCU          X7950  Y5850  - Pin: U1.30
MCU          X3750  Y5650  - Pin: S2.3

MOSI
MCU          X7400  Y7800  - Pin: AR1.4
MCU          X4000  Y8550  - Pin: J2.4

NEXT
MCU          X10050 Y6800  - Pin: U1.23
MCU          X4550  Y2500  - Pin: AR2.2

P3V3
MCU          X12450 Y5900  - Pin: U3.4

RXD
MCU          X13450 Y8650  - Pin: J1.3
MCU          X10050 Y6150  - Pin: U1.9

SCK
MCU          X7200  Y7800  - Pin: AR1.2
MCU          X3200  Y8550  - Pin: J2.3

SCL
MCU          X10050 Y5550  - Pin: U1.15
MCU          X5000  Y1900  - Pin: J6.11

SI
MCU          X10050 Y5450  - Pin: U1.16
MCU          X4300  Y1800  - Pin: J6.3

TXD
MCU          X13450 Y8750  - Pin: J1.2
MCU          X10050 Y6050  - Pin: U1.10

UP
MCU          X10050 Y6600  - Pin: U1.25
MCU          X4450  Y2500  - Pin: AR2.1
